[35m[Appium][39m Welcome to Appium v1.12.1
[35m[Appium][39m Non-default server args:
[35m[Appium][39m   port: 52900
[35m[Appium][39m   loglevel: info
[35m[Appium][39m   chromeDriverPort: 52902
[35m[Appium][39m   tmpDir: C:\Users\ASUS\AppData\Local\Temp\\Katalon\Appium\Temp1587723992771
[35m[Appium][39m Appium REST http interface listener started on 0.0.0.0:52900
[35m[HTTP][39m [37m-->[39m [37mGET[39m [37m/wd/hub/status[39m
[35m[HTTP][39m [90m{}[39m
[35m[HTTP][39m [37m<-- GET /wd/hub/status [39m[32m200[39m [90m14 ms - 68[39m
[35m[HTTP][39m [90m[39m
[35m[HTTP][39m [37m-->[39m [37mGET[39m [37m/wd/hub/status[39m
[35m[HTTP][39m [90m{}[39m
[35m[HTTP][39m [37m<-- GET /wd/hub/status [39m[32m200[39m [90m2 ms - 68[39m
[35m[HTTP][39m [90m[39m
[35m[HTTP][39m [37m-->[39m [37mPOST[39m [37m/wd/hub/session[39m
[35m[HTTP][39m [90m{"desiredCapabilities":{"app":"C:\\Users\\ASUS\\Desktop\\ACC Perfect 1.6.3 Dev.apk","noReset":true,"deviceName":"emulator-5554 (AOSP on IA Emulator - Android 9)","fullReset":false,"platform":"ANDROID","newCommandTimeout":1800,"platformVersion":"9","automationName":"uiautomator2","autoGrantPermissions":true,"platformName":"Android","udid":"emulator-5554","systemPort":52911},"capabilities":{"firstMatch":[{"appium:app":"C:\\Users\\ASUS\\Desktop\\ACC Perfect 1.6.3 Dev.apk","appium:autoGrantPermissions":true,"appium:automationName":"uiautomator2","appium:deviceName":"emulator-5554 (AOSP on IA Emulator - Android 9)","appium:fullReset":false,"appium:newCommandTimeout":1800,"appium:noReset":true,"platform":"ANDROID","platformName":"android","appium:platformVersion":"9","appium:systemPort":52911,"appium:udid":"emulator-5554"}]}}[39m
[35m[BaseDriver][39m The capabilities ["platform"] are not standard capabilities and should have an extension prefix
[35m[Appium][39m Appium v1.12.1 creating new AndroidUiautomator2Driver (v1.33.0) session
[35m[Appium][39m Capabilities:
[35m[Appium][39m   platform: ANDROID
[35m[Appium][39m   platformName: android
[35m[Appium][39m   app: C:\Users\ASUS\Desktop\ACC Perfect 1.6.3 Dev.apk
[35m[Appium][39m   autoGrantPermissions: true
[35m[Appium][39m   automationName: uiautomator2
[35m[Appium][39m   deviceName: emulator-5554 (AOSP on IA Emulator - Android 9)
[35m[Appium][39m   fullReset: false
[35m[Appium][39m   newCommandTimeout: 1800
[35m[Appium][39m   noReset: true
[35m[Appium][39m   platformVersion: 9
[35m[Appium][39m   systemPort: 52911
[35m[Appium][39m   udid: emulator-5554
[35m[BaseDriver][39m The following capabilities were provided, but are not recognized by appium: platform.
[35m[BaseDriver][39m Session created with session id: d56a75d8-a9c3-4aa3-a29e-04389a6d473f
[35m[BaseDriver][39m Using local app 'C:\Users\ASUS\Desktop\ACC Perfect 1.6.3 Dev.apk'
[35m[ADB][39m Checking whether adb is present
[35m[ADB][39m Found 1 'build-tools' folders under 'C:\Users\ASUS\.katalon\tools\android_sdk' (newest first):
[35m[ADB][39m     C:/Users/ASUS/.katalon/tools/android_sdk/build-tools/29.0.2
[35m[ADB][39m Using adb.exe from C:\Users\ASUS\.katalon\tools\android_sdk\platform-tools\adb.exe
[35m[AndroidDriver][39m Retrieving device list
[35m[AndroidDriver][39m Using device: emulator-5554
[35m[UiAutomator2][39m Relaxing hidden api policy
[35m[ADB][39m Using the alternative activity name detection method because of: Could not find apkanalyzer.bat in C:\Users\ASUS\.katalon\tools\android_sdk\platform-tools\apkanalyzer.bat,C:\Users\ASUS\.katalon\tools\android_sdk\emulator\apkanalyzer.bat,C:\Users\ASUS\.katalon\tools\android_sdk\tools\apkanalyzer.bat,C:\Users\ASUS\.katalon\tools\android_sdk\tools\bin\apkanalyzer.bat,C:\Users\ASUS\.katalon\tools\android_sdk\build-tools\29.0.2\apkanalyzer.bat. Do you have the Android SDK installed at 'C:\Users\ASUS\.katalon\tools\android_sdk'?
[35m[ADB][39m Checking whether aapt is present
[35m[ADB][39m Using aapt.exe from C:\Users\ASUS\.katalon\tools\android_sdk\build-tools\29.0.2\aapt.exe
[35m[ADB][39m Extracting package and launch activity from manifest
[35m[ADB][39m Package name: 'id.deltaapp.acc.perfectdev'
[35m[ADB][39m Main activity name: 'id.deltaapp.acc.perfectdev.ACCPerfectDev'
[35m[ADB][39m Using apksigner.bat from C:\Users\ASUS\.katalon\tools\android_sdk\build-tools\29.0.2\apksigner.bat
[35m[UiAutomator2][39m Server packages are not going to be (re)installed
[35m[UiAutomator2][39m Starting UIAutomator2 server 3.4.0
[35m[UiAutomator2][39m Using UIAutomator2 server from 'C:\Users\ASUS\AppData\Roaming\npm\node_modules\appium\node_modules\appium-uiautomator2-server\apks\appium-uiautomator2-server-v3.4.0.apk' and test from 'C:\Users\ASUS\AppData\Roaming\npm\node_modules\appium\node_modules\appium-uiautomator2-server\apks\appium-uiautomator2-server-debug-androidTest.apk'
[35m[UiAutomator2][39m Waiting up to 30000ms for UiAutomator2 to be online...
[35m[WD Proxy][39m Got an unexpected response: {"code":"ECONNRESET"}
[35m[WD Proxy][39m Got an unexpected response: {"code":"ECONNRESET"}
[35m[WD Proxy][39m Got an unexpected response: {"code":"ECONNRESET"}
[35m[WD Proxy][39m Got an unexpected response: {"code":"ECONNRESET"}
[35m[AndroidDriver][39m Screen already unlocked, doing nothing
[35m[UiAutomator2][39m UiAutomator2 did not start the activity we were waiting for, 'id.deltaapp.acc.perfectdev/id.deltaapp.acc.perfectdev.ACCPerfectDev'. Starting it ourselves
[35m[Appium][39m New AndroidUiautomator2Driver session created successfully, session d56a75d8-a9c3-4aa3-a29e-04389a6d473f added to master session list
[35m[HTTP][39m [37m<-- POST /wd/hub/session [39m[32m200[39m [90m19756 ms - 1248[39m
[35m[HTTP][39m [90m[39m
[35m[HTTP][39m [37m-->[39m [37mGET[39m [37m/wd/hub/session/d56a75d8-a9c3-4aa3-a29e-04389a6d473f[39m
[35m[HTTP][39m [90m{}[39m
[35m[HTTP][39m [37m<-- GET /wd/hub/session/d56a75d8-a9c3-4aa3-a29e-04389a6d473f [39m[32m200[39m [90m88 ms - 1180[39m
[35m[HTTP][39m [90m[39m
[35m[HTTP][39m [37m-->[39m [37mGET[39m [37m/wd/hub/session/d56a75d8-a9c3-4aa3-a29e-04389a6d473f[39m
[35m[HTTP][39m [90m{}[39m
[35m[HTTP][39m [37m<-- GET /wd/hub/session/d56a75d8-a9c3-4aa3-a29e-04389a6d473f [39m[32m200[39m [90m30 ms - 1180[39m
[35m[HTTP][39m [90m[39m
[35m[HTTP][39m [37m-->[39m [37mGET[39m [37m/wd/hub/status[39m
[35m[HTTP][39m [90m{}[39m
[35m[HTTP][39m [37m<-- GET /wd/hub/status [39m[32m200[39m [90m2 ms - 68[39m
[35m[HTTP][39m [90m[39m
[35m[HTTP][39m [37m-->[39m [37mPOST[39m [37m/wd/hub/session/d56a75d8-a9c3-4aa3-a29e-04389a6d473f/timeouts[39m
[35m[HTTP][39m [90m{"implicit":60000}[39m
[35m[HTTP][39m [37m<-- POST /wd/hub/session/d56a75d8-a9c3-4aa3-a29e-04389a6d473f/timeouts [39m[32m200[39m [90m10 ms - 14[39m
[35m[HTTP][39m [90m[39m
[35m[HTTP][39m [37m-->[39m [37mGET[39m [37m/wd/hub/session/d56a75d8-a9c3-4aa3-a29e-04389a6d473f/source[39m
[35m[HTTP][39m [90m{}[39m
[35m[W3C (d56a75d8)][39m Driver proxy active, passing request on via HTTP proxy
[35m[WD Proxy][39m Replacing sessionId 7bd67d4d-9eb1-4b94-ada6-0218808bbb70 with d56a75d8-a9c3-4aa3-a29e-04389a6d473f
[35m[HTTP][39m [37m<-- GET /wd/hub/session/d56a75d8-a9c3-4aa3-a29e-04389a6d473f/source [39m[32m200[39m [90m143 ms - 1904[39m
[35m[HTTP][39m [90m[39m
[35m[HTTP][39m [37m-->[39m [37mGET[39m [37m/wd/hub/session/d56a75d8-a9c3-4aa3-a29e-04389a6d473f/screenshot[39m
[35m[HTTP][39m [90m{}[39m
[35m[HTTP][39m [37m<-- GET /wd/hub/session/d56a75d8-a9c3-4aa3-a29e-04389a6d473f/screenshot [39m[32m200[39m [90m989 ms - 362278[39m
[35m[HTTP][39m [90m[39m
[35m[HTTP][39m [37m-->[39m [37mGET[39m [37m/wd/hub/session/d56a75d8-a9c3-4aa3-a29e-04389a6d473f/source[39m
[35m[HTTP][39m [90m{}[39m
[35m[W3C (d56a75d8)][39m Driver proxy active, passing request on via HTTP proxy
[35m[WD Proxy][39m Replacing sessionId 7bd67d4d-9eb1-4b94-ada6-0218808bbb70 with d56a75d8-a9c3-4aa3-a29e-04389a6d473f
[35m[HTTP][39m [37m<-- GET /wd/hub/session/d56a75d8-a9c3-4aa3-a29e-04389a6d473f/source [39m[32m200[39m [90m63 ms - 1898[39m
[35m[HTTP][39m [90m[39m
[35m[HTTP][39m [37m-->[39m [37mGET[39m [37m/wd/hub/session/d56a75d8-a9c3-4aa3-a29e-04389a6d473f/screenshot[39m
[35m[HTTP][39m [90m{}[39m
[35m[HTTP][39m [37m<-- GET /wd/hub/session/d56a75d8-a9c3-4aa3-a29e-04389a6d473f/screenshot [39m[32m200[39m [90m750 ms - 103762[39m
[35m[HTTP][39m [90m[39m
[35m[HTTP][39m [37m-->[39m [37mGET[39m [37m/wd/hub/session/d56a75d8-a9c3-4aa3-a29e-04389a6d473f/source[39m
[35m[HTTP][39m [90m{}[39m
[35m[W3C (d56a75d8)][39m Driver proxy active, passing request on via HTTP proxy
[35m[WD Proxy][39m Replacing sessionId 7bd67d4d-9eb1-4b94-ada6-0218808bbb70 with d56a75d8-a9c3-4aa3-a29e-04389a6d473f
[35m[HTTP][39m [37m<-- GET /wd/hub/session/d56a75d8-a9c3-4aa3-a29e-04389a6d473f/source [39m[32m200[39m [90m890 ms - 36388[39m
[35m[HTTP][39m [90m[39m
[35m[HTTP][39m [37m-->[39m [37mGET[39m [37m/wd/hub/session/d56a75d8-a9c3-4aa3-a29e-04389a6d473f/screenshot[39m
[35m[HTTP][39m [90m{}[39m
[35m[HTTP][39m [37m<-- GET /wd/hub/session/d56a75d8-a9c3-4aa3-a29e-04389a6d473f/screenshot [39m[32m200[39m [90m820 ms - 104142[39m
[35m[HTTP][39m [90m[39m
[35m[HTTP][39m [37m-->[39m [37mGET[39m [37m/wd/hub/session/d56a75d8-a9c3-4aa3-a29e-04389a6d473f/source[39m
[35m[HTTP][39m [90m{}[39m
[35m[W3C (d56a75d8)][39m Driver proxy active, passing request on via HTTP proxy
[35m[WD Proxy][39m Replacing sessionId 7bd67d4d-9eb1-4b94-ada6-0218808bbb70 with d56a75d8-a9c3-4aa3-a29e-04389a6d473f
[35m[HTTP][39m [37m<-- GET /wd/hub/session/d56a75d8-a9c3-4aa3-a29e-04389a6d473f/source [39m[32m200[39m [90m430 ms - 21514[39m
[35m[HTTP][39m [90m[39m
[35m[HTTP][39m [37m-->[39m [37mGET[39m [37m/wd/hub/session/d56a75d8-a9c3-4aa3-a29e-04389a6d473f/screenshot[39m
[35m[HTTP][39m [90m{}[39m
[35m[HTTP][39m [37m<-- GET /wd/hub/session/d56a75d8-a9c3-4aa3-a29e-04389a6d473f/screenshot [39m[32m200[39m [90m669 ms - 295326[39m
[35m[HTTP][39m [90m[39m
[35m[HTTP][39m [37m-->[39m [37mGET[39m [37m/wd/hub/session/d56a75d8-a9c3-4aa3-a29e-04389a6d473f/source[39m
[35m[HTTP][39m [90m{}[39m
[35m[W3C (d56a75d8)][39m Driver proxy active, passing request on via HTTP proxy
[35m[WD Proxy][39m Replacing sessionId 7bd67d4d-9eb1-4b94-ada6-0218808bbb70 with d56a75d8-a9c3-4aa3-a29e-04389a6d473f
[35m[HTTP][39m [37m<-- GET /wd/hub/session/d56a75d8-a9c3-4aa3-a29e-04389a6d473f/source [39m[32m200[39m [90m843 ms - 28751[39m
[35m[HTTP][39m [90m[39m
[35m[HTTP][39m [37m-->[39m [37mGET[39m [37m/wd/hub/session/d56a75d8-a9c3-4aa3-a29e-04389a6d473f/screenshot[39m
[35m[HTTP][39m [90m{}[39m
[35m[HTTP][39m [37m<-- GET /wd/hub/session/d56a75d8-a9c3-4aa3-a29e-04389a6d473f/screenshot [39m[32m200[39m [90m557 ms - 117378[39m
[35m[HTTP][39m [90m[39m
[35m[HTTP][39m [37m-->[39m [37mGET[39m [37m/wd/hub/session/d56a75d8-a9c3-4aa3-a29e-04389a6d473f/source[39m
[35m[HTTP][39m [90m{}[39m
[35m[W3C (d56a75d8)][39m Driver proxy active, passing request on via HTTP proxy
[35m[WD Proxy][39m Replacing sessionId 7bd67d4d-9eb1-4b94-ada6-0218808bbb70 with d56a75d8-a9c3-4aa3-a29e-04389a6d473f
[35m[HTTP][39m [37m<-- GET /wd/hub/session/d56a75d8-a9c3-4aa3-a29e-04389a6d473f/source [39m[32m200[39m [90m1721 ms - 91167[39m
[35m[HTTP][39m [90m[39m
[35m[HTTP][39m [37m-->[39m [37mGET[39m [37m/wd/hub/session/d56a75d8-a9c3-4aa3-a29e-04389a6d473f/screenshot[39m
[35m[HTTP][39m [90m{}[39m
[35m[HTTP][39m [37m<-- GET /wd/hub/session/d56a75d8-a9c3-4aa3-a29e-04389a6d473f/screenshot [39m[32m200[39m [90m852 ms - 371220[39m
[35m[HTTP][39m [90m[39m
[35m[HTTP][39m [37m-->[39m [37mDELETE[39m [37m/wd/hub/session/d56a75d8-a9c3-4aa3-a29e-04389a6d473f[39m
[35m[HTTP][39m [90m{}[39m
[35m[Appium][39m Removing session d56a75d8-a9c3-4aa3-a29e-04389a6d473f from our master session list
[35m[UiAutomator2][39m Restoring hidden api policy to the device default configuration
[35m[HTTP][39m [37m-->[39m [37mDELETE[39m [37m/wd/hub/session/d56a75d8-a9c3-4aa3-a29e-04389a6d473f[39m
[35m[HTTP][39m [90m{}[39m
[35m[HTTP][39m [37m<-- DELETE /wd/hub/session/d56a75d8-a9c3-4aa3-a29e-04389a6d473f [39m[33m404[39m [90m50 ms - 3189[39m
[35m[HTTP][39m [90m[39m
[35m[HTTP][39m [37m<-- DELETE /wd/hub/session/d56a75d8-a9c3-4aa3-a29e-04389a6d473f [39m[32m200[39m [90m2186 ms - 14[39m
[35m[HTTP][39m [90m[39m
